  [1m[36m (5.0ms)[0m  [1mCREATE TABLE "schema_migrations" ("version" varchar NOT NULL) [0m
  [1m[35m (0.1ms)[0m  select sqlite_version(*)
  [1m[36m (3.7ms)[0m  [1mCREATE UNIQUE INDEX "unique_schema_migrations" ON "schema_migrations" ("version")[0m
  [1m[35mActiveRecord::SchemaMigration Load (0.1ms)[0m  SELECT "schema_migrations".* FROM "schema_migrations"
Migrating to CreateMovies (20111119180638)
  [1m[36m (0.0ms)[0m  [1mbegin transaction[0m
DEPRECATION WARNING: `#timestamps` was called without specifying an option for `null`. In Rails 5, this behavior will change to `null: false`. You should manually specify `null: true` to prevent the behavior of your existing migrations from changing. (called from block in up at /home/ec2-user/environment/hw-acceptance-unit-test-cycle/rottenpotatoes/db/migrate/20111119180638_create_movies.rb:10)
  [1m[35m (0.2ms)[0m  CREATE TABLE "movies" ("id" INTEGER PRIMARY KEY AUTOINCREMENT NOT NULL, "title" varchar, "rating" varchar, "description" text, "release_date" datetime, "created_at" datetime, "updated_at" datetime) 
  [1m[36mSQL (0.1ms)[0m  [1mINSERT INTO "schema_migrations" ("version") VALUES (?)[0m  [["version", "20111119180638"]]
  [1m[35m (4.8ms)[0m  commit transaction
  [1m[36mActiveRecord::SchemaMigration Load (0.1ms)[0m  [1mSELECT "schema_migrations".* FROM "schema_migrations"[0m
  [1m[36m (5.2ms)[0m  [1mCREATE TABLE "movies" ("id" INTEGER PRIMARY KEY AUTOINCREMENT NOT NULL, "title" varchar, "rating" varchar, "description" text, "release_date" datetime, "created_at" datetime, "updated_at" datetime) [0m
  [1m[35m (3.6ms)[0m  CREATE TABLE "schema_migrations" ("version" varchar NOT NULL) 
  [1m[36m (0.1ms)[0m  [1mselect sqlite_version(*)[0m
  [1m[35m (3.7ms)[0m  CREATE UNIQUE INDEX "unique_schema_migrations" ON "schema_migrations" ("version")
  [1m[36m (0.1ms)[0m  [1mSELECT version FROM "schema_migrations"[0m
  [1m[35m (6.7ms)[0m  INSERT INTO "schema_migrations" (version) VALUES ('20111119180638')
  [1m[36mActiveRecord::SchemaMigration Load (0.1ms)[0m  [1mSELECT "schema_migrations".* FROM "schema_migrations"[0m
Migrating to AddDirectorToMovies (20160711211452)
  [1m[35m (0.1ms)[0m  begin transaction
  [1m[36m (0.3ms)[0m  [1mALTER TABLE "movies" ADD "director" varchar[0m
  [1m[35mSQL (0.1ms)[0m  INSERT INTO "schema_migrations" ("version") VALUES (?)  [["version", "20160711211452"]]
  [1m[36m (5.2ms)[0m  [1mcommit transaction[0m
  [1m[35mActiveRecord::SchemaMigration Load (0.1ms)[0m  SELECT "schema_migrations".* FROM "schema_migrations"


Started GET "/" for 208.180.184.130 at 2019-03-07 03:38:30 +0000


Started GET "/movies" for 208.180.184.130 at 2019-03-07 03:38:30 +0000
Processing by MoviesController#index as HTML
  [1m[36mMovie Load (0.1ms)[0m  [1mSELECT "movies".* FROM "movies" WHERE "movies"."rating" IN ('G', 'PG', 'PG-13', 'NC-17', 'R')[0m
  Rendered movies/index.html.haml within layouts/application (9.4ms)
Completed 200 OK in 337ms (Views: 310.0ms | ActiveRecord: 1.2ms)


Started GET "/assets/jquery.self-660adc51e0224b731d29f575a6f1ec167ba08ad06ed5deca4f1e8654c135bf4c.js?body=1" for 208.180.184.130 at 2019-03-07 03:38:30 +0000


Started GET "/assets/application.self-6f9b50b1298248f9ffdfe129ec4b3e377026ffe33aae3e37ecbf3da21d69be77.css?body=1" for 208.180.184.130 at 2019-03-07 03:38:30 +0000


Started GET "/assets/jquery_ujs.self-e87806d0cf4489aeb1bb7288016024e8de67fd18db693fe026fe3907581e53cd.js?body=1" for 208.180.184.130 at 2019-03-07 03:38:30 +0000


Started GET "/assets/application.self-ac4347b135ab8935f2dd20089f2acc8bec1d6b2ad528a80fcb03cd445dbd4d27.js?body=1" for 208.180.184.130 at 2019-03-07 03:38:30 +0000
  [1m[36mActiveRecord::SchemaMigration Load (0.1ms)[0m  [1mSELECT "schema_migrations".* FROM "schema_migrations"[0m
  [1m[35m (0.1ms)[0m  begin transaction
  [1m[36mSQL (0.2ms)[0m  [1mINSERT INTO "movies" ("title", "rating", "release_date", "created_at", "updated_at") VALUES (?, ?, ?, ?, ?)[0m  [["title", "Aladdin"], ["rating", "G"], ["release_date", "1992-11-25 00:00:00.000000"], ["created_at", "2019-03-07 03:38:47.000318"], ["updated_at", "2019-03-07 03:38:47.000318"]]
  [1m[35m (4.0ms)[0m  commit transaction
  [1m[36m (0.0ms)[0m  [1mbegin transaction[0m
  [1m[35mSQL (0.1ms)[0m  INSERT INTO "movies" ("title", "rating", "release_date", "created_at", "updated_at") VALUES (?, ?, ?, ?, ?)  [["title", "The Terminator"], ["rating", "R"], ["release_date", "1984-10-26 00:00:00.000000"], ["created_at", "2019-03-07 03:38:47.006007"], ["updated_at", "2019-03-07 03:38:47.006007"]]
  [1m[36m (6.8ms)[0m  [1mcommit transaction[0m
  [1m[35m (0.0ms)[0m  begin transaction
  [1m[36mSQL (0.1ms)[0m  [1mINSERT INTO "movies" ("title", "rating", "release_date", "created_at", "updated_at") VALUES (?, ?, ?, ?, ?)[0m  [["title", "When Harry Met Sally"], ["rating", "R"], ["release_date", "1989-07-21 00:00:00.000000"], ["created_at", "2019-03-07 03:38:47.014036"], ["updated_at", "2019-03-07 03:38:47.014036"]]
  [1m[35m (4.6ms)[0m  commit transaction
  [1m[36m (0.0ms)[0m  [1mbegin transaction[0m
  [1m[35mSQL (0.1ms)[0m  INSERT INTO "movies" ("title", "rating", "release_date", "created_at", "updated_at") VALUES (?, ?, ?, ?, ?)  [["title", "The Help"], ["rating", "PG-13"], ["release_date", "2011-08-10 00:00:00.000000"], ["created_at", "2019-03-07 03:38:47.019871"], ["updated_at", "2019-03-07 03:38:47.019871"]]
  [1m[36m (3.8ms)[0m  [1mcommit transaction[0m
  [1m[35m (0.0ms)[0m  begin transaction
  [1m[36mSQL (0.1ms)[0m  [1mINSERT INTO "movies" ("title", "rating", "release_date", "created_at", "updated_at") VALUES (?, ?, ?, ?, ?)[0m  [["title", "Chocolat"], ["rating", "PG-13"], ["release_date", "2001-01-05 00:00:00.000000"], ["created_at", "2019-03-07 03:38:47.024829"], ["updated_at", "2019-03-07 03:38:47.024829"]]
  [1m[35m (3.7ms)[0m  commit transaction
  [1m[36m (0.0ms)[0m  [1mbegin transaction[0m
  [1m[35mSQL (0.1ms)[0m  INSERT INTO "movies" ("title", "rating", "release_date", "created_at", "updated_at") VALUES (?, ?, ?, ?, ?)  [["title", "Amelie"], ["rating", "R"], ["release_date", "2001-04-25 00:00:00.000000"], ["created_at", "2019-03-07 03:38:47.029663"], ["updated_at", "2019-03-07 03:38:47.029663"]]
  [1m[36m (3.7ms)[0m  [1mcommit transaction[0m
  [1m[35m (0.1ms)[0m  begin transaction
  [1m[36mSQL (0.1ms)[0m  [1mINSERT INTO "movies" ("title", "rating", "release_date", "created_at", "updated_at") VALUES (?, ?, ?, ?, ?)[0m  [["title", "2001: A Space Odyssey"], ["rating", "G"], ["release_date", "1968-04-06 00:00:00.000000"], ["created_at", "2019-03-07 03:38:47.034635"], ["updated_at", "2019-03-07 03:38:47.034635"]]
  [1m[35m (4.6ms)[0m  commit transaction
  [1m[36m (0.0ms)[0m  [1mbegin transaction[0m
  [1m[35mSQL (0.1ms)[0m  INSERT INTO "movies" ("title", "rating", "release_date", "created_at", "updated_at") VALUES (?, ?, ?, ?, ?)  [["title", "The Incredibles"], ["rating", "PG"], ["release_date", "2004-11-05 00:00:00.000000"], ["created_at", "2019-03-07 03:38:47.040439"], ["updated_at", "2019-03-07 03:38:47.040439"]]
  [1m[36m (3.7ms)[0m  [1mcommit transaction[0m
  [1m[35m (0.0ms)[0m  begin transaction
  [1m[36mSQL (0.1ms)[0m  [1mINSERT INTO "movies" ("title", "rating", "release_date", "created_at", "updated_at") VALUES (?, ?, ?, ?, ?)[0m  [["title", "Raiders of the Lost Ark"], ["rating", "PG"], ["release_date", "1981-06-12 00:00:00.000000"], ["created_at", "2019-03-07 03:38:47.045385"], ["updated_at", "2019-03-07 03:38:47.045385"]]
  [1m[35m (3.6ms)[0m  commit transaction
  [1m[36m (0.0ms)[0m  [1mbegin transaction[0m
  [1m[35mSQL (0.1ms)[0m  INSERT INTO "movies" ("title", "rating", "release_date", "created_at", "updated_at") VALUES (?, ?, ?, ?, ?)  [["title", "Chicken Run"], ["rating", "G"], ["release_date", "2000-06-21 00:00:00.000000"], ["created_at", "2019-03-07 03:38:47.050216"], ["updated_at", "2019-03-07 03:38:47.050216"]]
  [1m[36m (4.5ms)[0m  [1mcommit transaction[0m


Started GET "/" for 208.180.184.130 at 2019-03-07 03:38:51 +0000


Started GET "/movies" for 208.180.184.130 at 2019-03-07 03:38:51 +0000
Processing by MoviesController#index as HTML
  [1m[36mMovie Load (0.2ms)[0m  [1mSELECT "movies".* FROM "movies" WHERE "movies"."rating" IN ('G', 'PG', 'PG-13', 'NC-17', 'R')[0m
  Rendered movies/index.html.haml within layouts/application (34.9ms)
Completed 200 OK in 191ms (Views: 159.0ms | ActiveRecord: 2.0ms)


Started GET "/movies/1" for 208.180.184.130 at 2019-03-07 03:38:53 +0000
Processing by MoviesController#show as HTML
  Parameters: {"id"=>"1"}
  [1m[35mMovie Load (0.2ms)[0m  SELECT  "movies".* FROM "movies" WHERE "movies"."id" = ? LIMIT 1  [["id", 1]]
  Rendered movies/show.html.haml within layouts/application (21.0ms)
Completed 500 Internal Server Error in 25ms (ActiveRecord: 0.2ms)

ActionView::Template::Error (undefined method `search_movies_path' for #<#<Class:0x00000003222060>:0x007fef5a067218>
Did you mean?  search_field_tag):
    15: %h4 Description:
    16: 
    17: %p#description= @movie.description
    18: %p= link_to 'Find Movies With Same Director', search_movies_path(director: @movie.director)
    19: = link_to 'Edit', edit_movie_path(@movie)
    20: = button_to 'Delete', movie_path(@movie), :method => :delete, :confirm => 'Are you sure?'
    21: = link_to 'Back to movie list', movies_path
  app/views/movies/show.html.haml:18:in `_app_views_movies_show_html_haml__2188582206385301418_70332992139120'


  Rendered /home/ec2-user/.rvm/gems/ruby-2.4.0/gems/actionpack-4.2.10/lib/action_dispatch/middleware/templates/rescues/_source.erb (14.5ms)
  Rendered /home/ec2-user/.rvm/gems/ruby-2.4.0/gems/actionpack-4.2.10/lib/action_dispatch/middleware/templates/rescues/_trace.html.erb (6.2ms)
  Rendered /home/ec2-user/.rvm/gems/ruby-2.4.0/gems/actionpack-4.2.10/lib/action_dispatch/middleware/templates/rescues/_request_and_response.html.erb (1.7ms)
  Rendered /home/ec2-user/.rvm/gems/ruby-2.4.0/gems/actionpack-4.2.10/lib/action_dispatch/middleware/templates/rescues/template_error.html.erb within rescues/layout (36.7ms)


Started GET "/movies/1" for 208.180.184.130 at 2019-03-07 03:39:13 +0000
Processing by MoviesController#show as HTML
  Parameters: {"id"=>"1"}
  [1m[36mMovie Load (0.1ms)[0m  [1mSELECT  "movies".* FROM "movies" WHERE "movies"."id" = ? LIMIT 1[0m  [["id", 1]]
  Rendered movies/show.html.haml within layouts/application (23.6ms)
Completed 500 Internal Server Error in 26ms (ActiveRecord: 0.1ms)

ActionView::Template::Error (undefined method `search_movies_path' for #<#<Class:0x00000003222060>:0x007fef59b01080>
Did you mean?  search_field_tag):
    15: %h4 Description:
    16: 
    17: %p#description= @movie.description
    18: %p= link_to 'Find Movies With Same Director', search_movies_path(director: @movie.director)
    19: = link_to 'Edit', edit_movie_path(@movie)
    20: = button_to 'Delete', movie_path(@movie), :method => :delete, :confirm => 'Are you sure?'
    21: = link_to 'Back to movie list', movies_path
  app/views/movies/show.html.haml:18:in `_app_views_movies_show_html_haml__2188582206385301418_70332992139120'


  Rendered /home/ec2-user/.rvm/gems/ruby-2.4.0/gems/actionpack-4.2.10/lib/action_dispatch/middleware/templates/rescues/_source.erb (5.7ms)
  Rendered /home/ec2-user/.rvm/gems/ruby-2.4.0/gems/actionpack-4.2.10/lib/action_dispatch/middleware/templates/rescues/_trace.html.erb (2.4ms)
  Rendered /home/ec2-user/.rvm/gems/ruby-2.4.0/gems/actionpack-4.2.10/lib/action_dispatch/middleware/templates/rescues/_request_and_response.html.erb (1.1ms)
  Rendered /home/ec2-user/.rvm/gems/ruby-2.4.0/gems/actionpack-4.2.10/lib/action_dispatch/middleware/templates/rescues/template_error.html.erb within rescues/layout (23.2ms)
  [1m[36mActiveRecord::SchemaMigration Load (0.1ms)[0m  [1mSELECT "schema_migrations".* FROM "schema_migrations"[0m
  [1m[35mActiveRecord::SchemaMigration Load (0.1ms)[0m  SELECT "schema_migrations".* FROM "schema_migrations"


Started GET "/" for 208.180.184.130 at 2019-03-07 03:40:22 +0000


Started GET "/movies" for 208.180.184.130 at 2019-03-07 03:40:23 +0000
Processing by MoviesController#index as HTML
  [1m[36mMovie Load (0.2ms)[0m  [1mSELECT "movies".* FROM "movies" WHERE "movies"."rating" IN ('G', 'PG', 'PG-13', 'NC-17', 'R')[0m
  Rendered movies/index.html.haml within layouts/application (15.5ms)
Completed 200 OK in 201ms (Views: 174.3ms | ActiveRecord: 1.4ms)


Started GET "/movies/1" for 208.180.184.130 at 2019-03-07 03:40:24 +0000
Processing by MoviesController#show as HTML
  Parameters: {"id"=>"1"}
  [1m[35mMovie Load (0.2ms)[0m  SELECT  "movies".* FROM "movies" WHERE "movies"."id" = ? LIMIT 1  [["id", 1]]
  Rendered movies/show.html.haml within layouts/application (20.7ms)
Completed 500 Internal Server Error in 25ms (ActiveRecord: 0.2ms)

ActionView::Template::Error (undefined method `search_movies_path' for #<#<Class:0x0000000467d910>:0x007fdefd283f50>
Did you mean?  search_field_tag):
    15: %h4 Description:
    16: 
    17: %p#description= @movie.description
    18: %p= link_to 'Find Movies With Same Director', search_movies_path(director: @movie.director)
    19: 
    20: = link_to 'Edit', edit_movie_path(@movie)
    21: = button_to 'Delete', movie_path(@movie), :method => :delete, :confirm => 'Are you sure?'
  app/views/movies/show.html.haml:18:in `_app_views_movies_show_html_haml__3398712243067386702_70297853364100'


  Rendered /home/ec2-user/.rvm/gems/ruby-2.4.0/gems/actionpack-4.2.10/lib/action_dispatch/middleware/templates/rescues/_source.erb (4.6ms)
  Rendered /home/ec2-user/.rvm/gems/ruby-2.4.0/gems/actionpack-4.2.10/lib/action_dispatch/middleware/templates/rescues/_trace.html.erb (2.1ms)
  Rendered /home/ec2-user/.rvm/gems/ruby-2.4.0/gems/actionpack-4.2.10/lib/action_dispatch/middleware/templates/rescues/_request_and_response.html.erb (0.9ms)
  Rendered /home/ec2-user/.rvm/gems/ruby-2.4.0/gems/actionpack-4.2.10/lib/action_dispatch/middleware/templates/rescues/template_error.html.erb within rescues/layout (19.8ms)
  [1m[36mActiveRecord::SchemaMigration Load (0.1ms)[0m  [1mSELECT "schema_migrations".* FROM "schema_migrations"[0m
  [1m[35mActiveRecord::SchemaMigration Load (0.1ms)[0m  SELECT "schema_migrations".* FROM "schema_migrations"


Started GET "/" for 208.180.184.130 at 2019-03-07 03:43:41 +0000


Started GET "/movies" for 208.180.184.130 at 2019-03-07 03:43:41 +0000
Processing by MoviesController#index as HTML
  [1m[36mMovie Load (0.2ms)[0m  [1mSELECT "movies".* FROM "movies" WHERE "movies"."rating" IN ('G', 'PG', 'PG-13', 'NC-17', 'R')[0m
  Rendered movies/index.html.haml within layouts/application (16.1ms)
Completed 200 OK in 204ms (Views: 177.5ms | ActiveRecord: 1.3ms)


Started GET "/movies/3" for 208.180.184.130 at 2019-03-07 03:43:43 +0000
Processing by MoviesController#show as HTML
  Parameters: {"id"=>"3"}
  [1m[35mMovie Load (0.2ms)[0m  SELECT  "movies".* FROM "movies" WHERE "movies"."id" = ? LIMIT 1  [["id", 3]]
  Rendered movies/show.html.haml within layouts/application (32.1ms)
Completed 500 Internal Server Error in 36ms (ActiveRecord: 0.2ms)

ActionView::Template::Error (undefined method `search_movies_path' for #<#<Class:0x00000003a12798>:0x007fb129e3b5c0>
Did you mean?  search_field_tag):
    15: %h4 Description:
    16: 
    17: %p#description= @movie.description
    18: %p= link_to 'Find Movies With Same Director', search_movies_path(director: @movie.director)
    19: 
    20: = link_to 'Edit', edit_movie_path(@movie)
    21: = button_to 'Delete', movie_path(@movie), :method => :delete, :confirm => 'Are you sure?'
  app/views/movies/show.html.haml:18:in `_app_views_movies_show_html_haml___181616443043265792_70199444361540'


  Rendered /home/ec2-user/.rvm/gems/ruby-2.4.0/gems/actionpack-4.2.10/lib/action_dispatch/middleware/templates/rescues/_source.erb (4.8ms)
  Rendered /home/ec2-user/.rvm/gems/ruby-2.4.0/gems/actionpack-4.2.10/lib/action_dispatch/middleware/templates/rescues/_trace.html.erb (2.0ms)
  Rendered /home/ec2-user/.rvm/gems/ruby-2.4.0/gems/actionpack-4.2.10/lib/action_dispatch/middleware/templates/rescues/_request_and_response.html.erb (0.9ms)
  Rendered /home/ec2-user/.rvm/gems/ruby-2.4.0/gems/actionpack-4.2.10/lib/action_dispatch/middleware/templates/rescues/template_error.html.erb within rescues/layout (19.7ms)


Started GET "/" for 208.180.184.130 at 2019-03-07 04:59:32 +0000


Started GET "/movies" for 208.180.184.130 at 2019-03-07 04:59:32 +0000
Processing by MoviesController#index as HTML
  [1m[36mMovie Load (0.1ms)[0m  [1mSELECT "movies".* FROM "movies" WHERE "movies"."rating" IN ('G', 'PG', 'PG-13', 'NC-17', 'R')[0m
  Rendered movies/index.html.haml within layouts/application (15.7ms)
Completed 200 OK in 198ms (Views: 167.5ms | ActiveRecord: 1.4ms)


Started GET "/movies/1" for 208.180.184.130 at 2019-03-07 04:59:34 +0000
Processing by MoviesController#show as HTML
  Parameters: {"id"=>"1"}
  [1m[35mMovie Load (0.2ms)[0m  SELECT  "movies".* FROM "movies" WHERE "movies"."id" = ? LIMIT 1  [["id", 1]]
  Rendered movies/show.html.haml within layouts/application (2.5ms)
Completed 200 OK in 27ms (Views: 9.3ms | ActiveRecord: 0.2ms)


Started GET "/similar_movies/Aladdin" for 208.180.184.130 at 2019-03-07 04:59:36 +0000
Processing by MoviesController#search as HTML
  Parameters: {"title"=>"Aladdin"}
  [1m[36mMovie Load (0.2ms)[0m  [1mSELECT  "movies".* FROM "movies" WHERE "movies"."title" = ? LIMIT 1[0m  [["title", "Aladdin"]]
Redirected to https://80fb59bb83194a07901adac698c407f4.vfs.cloud9.us-east-2.amazonaws.com/
  [1m[35mCACHE (0.0ms)[0m  SELECT  "movies".* FROM "movies" WHERE "movies"."title" = ? LIMIT 1  [["title", "Aladdin"]]
Completed 302 Found in 2ms (ActiveRecord: 0.2ms)


Started GET "/" for 208.180.184.130 at 2019-03-07 04:59:36 +0000


Started GET "/movies" for 208.180.184.130 at 2019-03-07 04:59:36 +0000
Processing by MoviesController#index as HTML
  [1m[36mMovie Load (0.2ms)[0m  [1mSELECT "movies".* FROM "movies" WHERE "movies"."rating" IN ('G', 'PG', 'PG-13', 'NC-17', 'R')[0m
  Rendered movies/index.html.haml within layouts/application (3.5ms)
Completed 200 OK in 11ms (Views: 9.9ms | ActiveRecord: 0.2ms)


Started GET "/" for 208.180.184.130 at 2019-03-07 05:39:57 +0000


Started GET "/movies" for 208.180.184.130 at 2019-03-07 05:39:57 +0000
Processing by MoviesController#index as HTML
  [1m[36mMovie Load (0.2ms)[0m  [1mSELECT "movies".* FROM "movies" WHERE "movies"."rating" IN ('G', 'PG', 'PG-13', 'NC-17', 'R')[0m
  Rendered movies/index.html.haml within layouts/application (15.4ms)
Completed 200 OK in 177ms (Views: 137.1ms | ActiveRecord: 1.3ms)


Started GET "/movies/1" for 208.180.184.130 at 2019-03-07 05:39:59 +0000
Processing by MoviesController#show as HTML
  Parameters: {"id"=>"1"}
  [1m[35mMovie Load (0.2ms)[0m  SELECT  "movies".* FROM "movies" WHERE "movies"."id" = ? LIMIT 1  [["id", 1]]
  Rendered movies/show.html.haml within layouts/application (2.5ms)
Completed 200 OK in 11ms (Views: 9.3ms | ActiveRecord: 0.2ms)


Started GET "/similar_movies/Aladdin" for 208.180.184.130 at 2019-03-07 05:40:00 +0000
Processing by MoviesController#search as HTML
  Parameters: {"title"=>"Aladdin"}
  [1m[36mMovie Load (0.2ms)[0m  [1mSELECT  "movies".* FROM "movies" WHERE "movies"."title" = ? LIMIT 1[0m  [["title", "Aladdin"]]
Redirected to https://80fb59bb83194a07901adac698c407f4.vfs.cloud9.us-east-2.amazonaws.com/
  [1m[35mCACHE (0.0ms)[0m  SELECT  "movies".* FROM "movies" WHERE "movies"."title" = ? LIMIT 1  [["title", "Aladdin"]]
Completed 302 Found in 2ms (ActiveRecord: 0.2ms)


Started GET "/" for 208.180.184.130 at 2019-03-07 05:40:00 +0000


Started GET "/movies" for 208.180.184.130 at 2019-03-07 05:40:01 +0000
Processing by MoviesController#index as HTML
  [1m[36mMovie Load (0.2ms)[0m  [1mSELECT "movies".* FROM "movies" WHERE "movies"."rating" IN ('G', 'PG', 'PG-13', 'NC-17', 'R')[0m
  Rendered movies/index.html.haml within layouts/application (3.5ms)
Completed 200 OK in 11ms (Views: 9.9ms | ActiveRecord: 0.2ms)
